<?xml version="1.0" encoding="UTF-8"?>
<testng-results skipped="0" failed="0" ignored="0" total="1" passed="1">
  <reporter-output>
  </reporter-output>
  <suite name="Default suite" duration-ms="3422" started-at="2020-05-08T12:33:59Z" finished-at="2020-05-08T12:34:02Z">
    <groups>
    </groups>
    <test name="Default test" duration-ms="3422" started-at="2020-05-08T12:33:59Z" finished-at="2020-05-08T12:34:02Z">
      <class name="restPractice.StaticJson">
        <test-method status="PASS" signature="setEndpoint()[pri:0, instance:restPractice.StaticJson@14523f8]" name="setEndpoint" is-config="true" duration-ms="652" started-at="2020-05-08T12:33:59Z" finished-at="2020-05-08T12:34:00Z">
          <reporter-output>
          </reporter-output>
        </test-method> <!-- setEndpoint -->
        <test-method status="PASS" signature="addBook()[pri:0, instance:restPractice.StaticJson@14523f8]" name="addBook" duration-ms="2751" started-at="2020-05-08T12:34:00Z" finished-at="2020-05-08T12:34:02Z">
          <reporter-output>
          </reporter-output>
        </test-method> <!-- addBook -->
      </class> <!-- restPractice.StaticJson -->
    </test> <!-- Default test -->
  </suite> <!-- Default suite -->
</testng-results>
